2025-07-01T10:08:29.75789Z	Cloning repository...
2025-07-01T10:08:30.424956Z	From https://github.com/mahipaljyani/MoneyManager
2025-07-01T10:08:30.425758Z	 * branch            07e06b840b21e00152cd98dfeda1dd46f7c76c6e -> FETCH_HEAD
2025-07-01T10:08:30.426141Z	
2025-07-01T10:08:30.454637Z	HEAD is now at 07e06b8 Fix Cloudflare Pages deployment configuration - Updated wrangler.toml with pages_build_output_dir and fixed vite.config.ts import compatibility
2025-07-01T10:08:30.455057Z	
2025-07-01T10:08:30.533555Z	
2025-07-01T10:08:30.534028Z	Using v2 root directory strategy
2025-07-01T10:08:30.554135Z	Success: Finished cloning repository files
2025-07-01T10:08:32.286563Z	Checking for configuration in a Wrangler configuration file (BETA)
2025-07-01T10:08:32.287391Z	
2025-07-01T10:08:32.28892Z	Found wrangler.toml file. Reading build configuration...
2025-07-01T10:08:32.295483Z	pages_build_output_dir: build/client
2025-07-01T10:08:32.29568Z	Build environment variables: (none found)
2025-07-01T10:08:33.396715Z	Successfully read wrangler.toml file.
2025-07-01T10:08:33.463637Z	Detected the following tools from environment: pnpm@10.11.1, nodejs@22.16.0
2025-07-01T10:08:34.191942Z	Installing project dependencies: pnpm install
2025-07-01T10:08:34.807222Z	Lockfile is up to date, resolution step is skipped
2025-07-01T10:08:34.881455Z	Progress: resolved 1, reused 0, downloaded 0, added 0
2025-07-01T10:08:35.065606Z	Packages: +790
2025-07-01T10:08:35.065868Z	++++++++++++++++++++++++++++++++++++++++++++++++++++++++++++++++++++++++++++++++
2025-07-01T10:08:35.88322Z	Progress: resolved 790, reused 0, downloaded 116, added 113
2025-07-01T10:08:36.883365Z	Progress: resolved 790, reused 0, downloaded 405, added 396
2025-07-01T10:08:37.883073Z	Progress: resolved 790, reused 0, downloaded 637, added 614
2025-07-01T10:08:38.603811Z	Progress: resolved 790, reused 0, downloaded 790, added 790, done
2025-07-01T10:08:38.922055Z	
2025-07-01T10:08:38.922675Z	dependencies:
2025-07-01T10:08:38.922972Z	+ @lucia-auth/adapter-sqlite 3.0.2
2025-07-01T10:08:38.923082Z	+ @remix-run/node 2.16.8
2025-07-01T10:08:38.923157Z	+ @remix-run/react 2.16.8
2025-07-01T10:08:38.923235Z	+ @remix-run/serve 2.16.8
2025-07-01T10:08:38.923292Z	+ isbot 5.1.28
2025-07-01T10:08:38.923361Z	+ lucia 3.2.2
2025-07-01T10:08:38.923423Z	+ oslo 1.2.1
2025-07-01T10:08:38.923479Z	+ react 18.3.1
2025-07-01T10:08:38.923546Z	+ react-dom 18.3.1
2025-07-01T10:08:38.923664Z	
2025-07-01T10:08:38.923883Z	devDependencies:
2025-07-01T10:08:38.924152Z	+ @remix-run/dev 2.16.8
2025-07-01T10:08:38.92431Z	+ @types/react 18.3.23
2025-07-01T10:08:38.924763Z	+ @types/react-dom 18.3.7
2025-07-01T10:08:38.925121Z	+ @typescript-eslint/eslint-plugin 6.21.0
2025-07-01T10:08:38.925208Z	+ @typescript-eslint/parser 6.21.0
2025-07-01T10:08:38.925421Z	+ autoprefixer 10.4.21
2025-07-01T10:08:38.925579Z	+ eslint 8.57.1
2025-07-01T10:08:38.925929Z	+ eslint-import-resolver-typescript 3.10.1
2025-07-01T10:08:38.92606Z	+ eslint-plugin-import 2.32.0
2025-07-01T10:08:38.926334Z	+ eslint-plugin-jsx-a11y 6.10.2
2025-07-01T10:08:38.926451Z	+ eslint-plugin-react 7.37.5
2025-07-01T10:08:38.926716Z	+ eslint-plugin-react-hooks 4.6.2
2025-07-01T10:08:38.926852Z	+ postcss 8.5.6
2025-07-01T10:08:38.927094Z	+ tailwindcss 3.4.17
2025-07-01T10:08:38.927314Z	+ typescript 5.8.3
2025-07-01T10:08:38.927577Z	+ vite 6.3.5
2025-07-01T10:08:38.927681Z	+ vite-tsconfig-paths 5.1.4
2025-07-01T10:08:38.927806Z	
2025-07-01T10:08:38.927937Z	╭ Warning ─────────────────────────────────────────────────────────────────────╮
2025-07-01T10:08:38.928058Z	│                                                                              │
2025-07-01T10:08:38.928129Z	│   Ignored build scripts: esbuild, unrs-resolver.                             │
2025-07-01T10:08:38.928236Z	│   Run "pnpm approve-builds" to pick which dependencies should be allowed     │
2025-07-01T10:08:38.928345Z	│   to run scripts.                                                            │
2025-07-01T10:08:38.928406Z	│                                                                              │
2025-07-01T10:08:38.928489Z	╰──────────────────────────────────────────────────────────────────────────────╯
2025-07-01T10:08:38.928573Z	
2025-07-01T10:08:38.953752Z	Done in 4.4s using pnpm v10.11.1
2025-07-01T10:08:38.98683Z	Executing user command: npm run build
2025-07-01T10:08:39.475252Z	
2025-07-01T10:08:39.475495Z	> build
2025-07-01T10:08:39.475728Z	> remix vite:build
2025-07-01T10:08:39.475833Z	
2025-07-01T10:08:40.958275Z	[36mvite v6.3.5 [32mbuilding for production...[36m[39m
2025-07-01T10:08:41.014976Z	transforming...
2025-07-01T10:08:42.366302Z	[32m✓[39m 96 modules transformed.
2025-07-01T10:08:42.378671Z	[33mGenerated an empty chunk: "_index".[39m
2025-07-01T10:08:42.447815Z	[33mGenerated an empty chunk: "logout".[39m
2025-07-01T10:08:42.46633Z	rendering chunks...
2025-07-01T10:08:42.542901Z	computing gzip size...
2025-07-01T10:08:42.554141Z	[2mbuild/client/[22m[32m.vite/manifest.json              [39m[1m[2m  2.38 kB[22m[1m[22m[2m │ gzip:  0.44 kB[22m
2025-07-01T10:08:42.554408Z	[2mbuild/client/[22m[2massets/[22m[35mroot-BGng-yQW.css         [39m[1m[2m  5.25 kB[22m[1m[22m[2m │ gzip:  1.53 kB[22m
2025-07-01T10:08:42.55455Z	[2mbuild/client/[22m[2massets/[22m[36m_index-l0sNRNKZ.js        [39m[1m[2m  0.00 kB[22m[1m[22m[2m │ gzip:  0.02 kB[22m
2025-07-01T10:08:42.554663Z	[2mbuild/client/[22m[2massets/[22m[36mlogout-l0sNRNKZ.js        [39m[1m[2m  0.00 kB[22m[1m[22m[2m │ gzip:  0.02 kB[22m
2025-07-01T10:08:42.554844Z	[2mbuild/client/[22m[2massets/[22m[36mlogin-Ca5F6kyl.js         [39m[1m[2m  0.65 kB[22m[1m[22m[2m │ gzip:  0.36 kB[22m
2025-07-01T10:08:42.555033Z	[2mbuild/client/[22m[2massets/[22m[36msignup-Du_5v7ba.js        [39m[1m[2m  0.66 kB[22m[1m[22m[2m │ gzip:  0.36 kB[22m
2025-07-01T10:08:42.555113Z	[2mbuild/client/[22m[2massets/[22m[36mdashboard-kMbuZUH6.js     [39m[1m[2m  0.80 kB[22m[1m[22m[2m │ gzip:  0.42 kB[22m
2025-07-01T10:08:42.555241Z	[2mbuild/client/[22m[2massets/[22m[36mtransactions-C9s115hh.js  [39m[1m[2m  1.49 kB[22m[1m[22m[2m │ gzip:  0.64 kB[22m
2025-07-01T10:08:42.555405Z	[2mbuild/client/[22m[2massets/[22m[36mloans-msMQhuw7.js         [39m[1m[2m  1.61 kB[22m[1m[22m[2m │ gzip:  0.70 kB[22m
2025-07-01T10:08:42.55553Z	[2mbuild/client/[22m[2massets/[22m[36mroot-B9h4AAhY.js          [39m[1m[2m  2.45 kB[22m[1m[22m[2m │ gzip:  1.25 kB[22m
2025-07-01T10:08:42.555635Z	[2mbuild/client/[22m[2massets/[22m[36mentry.client-BaTmW02F.js  [39m[1m[2m  3.83 kB[22m[1m[22m[2m │ gzip:  1.45 kB[22m
2025-07-01T10:08:42.555796Z	[2mbuild/client/[22m[2massets/[22m[36mcomponents-Db60O3u6.js    [39m[1m[2m257.72 kB[22m[1m[22m[2m │ gzip: 83.15 kB[22m
2025-07-01T10:08:42.555974Z	[32m✓ built in 1.57s[39m
2025-07-01T10:08:42.58896Z	[36mvite v6.3.5 [32mbuilding SSR bundle for production...[36m[39m
2025-07-01T10:08:42.590638Z	transforming...
2025-07-01T10:08:42.671281Z	[32m✓[39m 13 modules transformed.
2025-07-01T10:08:42.688258Z	rendering chunks...
2025-07-01T10:08:42.690006Z	[2mbuild/server/[22m[32m.vite/manifest.json               [39m[1m[2m 0.22 kB[22m[1m[22m
2025-07-01T10:08:42.690365Z	[2mbuild/server/[22m[2massets/[22m[35mserver-build-BGng-yQW.css  [39m[1m[2m 5.25 kB[22m[1m[22m
2025-07-01T10:08:42.690495Z	[2mbuild/server/[22m[36mserver.js                         [39m[1m[2m28.48 kB[22m[1m[22m
2025-07-01T10:08:42.691375Z	[32m✓ built in 102ms[39m
2025-07-01T10:08:42.727941Z	Finished
2025-07-01T10:08:43.581217Z	Checking for configuration in a Wrangler configuration file (BETA)
2025-07-01T10:08:43.581909Z	
2025-07-01T10:08:43.58286Z	Found wrangler.toml file. Reading build configuration...
2025-07-01T10:08:43.59059Z	pages_build_output_dir: build/client
2025-07-01T10:08:43.590779Z	Build environment variables: (none found)
2025-07-01T10:08:44.695511Z	Successfully read wrangler.toml file.
2025-07-01T10:08:44.696632Z	Note: No functions dir at /functions found. Skipping.
2025-07-01T10:08:44.696828Z	Validating asset output directory
2025-07-01T10:08:47.226884Z	Deploying your site to Cloudflare's global network...
2025-07-01T10:08:49.24661Z	Uploading... (15/15)
2025-07-01T10:08:49.247426Z	✨ Success! Uploaded 0 files (15 already uploaded) (0.38 sec)
2025-07-01T10:08:49.24759Z	
2025-07-01T10:08:49.626983Z	✨ Upload complete!
2025-07-01T10:08:53.086184Z	Success: Assets published!
2025-07-01T10:08:54.847066Z	Success: Your site was deployed!